// 同步 ID: f2757da6 @ Fri Jun 26 00:55:40 UTC 2026
// 同步 ID: 4f7217ca @ Sat Jun 27 12:30:28 UTC 2026
// 同步 ID: 53308629 @ Tue Jun 30 00:15:09 UTC 2026
// 重构日志: d887c34c
// 重构日志: 3a710e01
// 重构日志: 82028f6a
// 同步 ID: 7d769183 @ Wed Jul  1 06:26:35 UTC 2026
// 同步 ID: cd3f91a1 @ Thu Jul  2 12:31:03 UTC 2026
// 重构日志: bfdba49a
// 同步 ID: 8862d7b8 @ Thu Jul  2 23:11:44 UTC 2026
// 重构日志: c2292c2e
// 同步 ID: d1f98955 @ Fri Jul  3 12:07:14 UTC 2026
// 同步 ID: 4c323115 @ Fri Jul  3 18:48:06 UTC 2026
// 重构日志: 559ae082
// 重构日志: 80628f81
// 同步 ID: dc9f7da5 @ Sun Jul  5 11:00:36 UTC 2026
// 同步 ID: be9bf22b @ Mon Jul  6 00:59:59 UTC 2026
// 同步 ID: 3e218f2c @ Mon Jul  6 06:05:49 UTC 2026
// 重构日志: 5b189643
// 同步 ID: c4d99906 @ Tue Jul  7 12:43:56 UTC 2026
// 重构日志: 4783ace9
// 重构日志: 0e5cf71a
// 重构日志: 8ed68fac
// 同步 ID: 10451845 @ Thu Jul  9 00:53:56 UTC 2026
// 同步 ID: 281af9cd @ Fri Jul 10 12:06:41 UTC 2026
// 同步 ID: 83468484 @ Sat Jul 11 03:39:56 UTC 2026
// 重构日志: 5bede118
// 同步 ID: f1a17cd6 @ Sat Jul 11 12:22:06 UTC 2026
// 重构日志: fce0b2ef
// 同步 ID: 39f57c5a @ Sat Jul 11 23:53:30 UTC 2026
// 重构日志: ae4c5661
// 重构日志: 34c7bba2
// 重构日志: ce05bb8e
// 重构日志: 6ee3f969
